e:\learnings\renderings\raytracer\raytracer_mini\debug\vc140.pdb
e:\learnings\renderings\raytracer\raytracer_mini\debug\vc140.idb
e:\learnings\renderings\raytracer\raytracer_mini\debug\plane.obj
e:\learnings\renderings\raytracer\raytracer_mini\debug\sphere.obj
e:\learnings\renderings\raytracer\raytracer_mini\debug\ambient.obj
e:\learnings\renderings\raytracer\raytracer_mini\debug\directional.obj
e:\learnings\renderings\raytracer\raytracer_mini\debug\light.obj
e:\learnings\renderings\raytracer\raytracer_mini\debug\material.obj
e:\learnings\renderings\raytracer\raytracer_mini\debug\matte.obj
e:\learnings\renderings\raytracer\raytracer_mini\debug\singlesphere.obj
e:\learnings\renderings\raytracer\raytracer_mini\debug\tracer.obj
e:\learnings\renderings\raytracer\raytracer_mini\debug\wxraytracer.obj
e:\learnings\renderings\raytracer\raytracer_mini\debug\matrix.obj
e:\learnings\renderings\raytracer\raytracer_mini\debug\normal.obj
e:\learnings\renderings\raytracer\raytracer_mini\debug\point2d.obj
e:\learnings\renderings\raytracer\raytracer_mini\debug\point3d.obj
e:\learnings\renderings\raytracer\raytracer_mini\debug\ray.obj
e:\learnings\renderings\raytracer\raytracer_mini\debug\rgbcolor.obj
e:\learnings\renderings\raytracer\raytracer_mini\debug\shaderec.obj
e:\learnings\renderings\raytracer\raytracer_mini\debug\vector3d.obj
e:\learnings\renderings\raytracer\raytracer_mini\debug\viewplane.obj
e:\learnings\renderings\raytracer\raytracer_mini\debug\world.obj
e:\learnings\renderings\raytracer\raytracer_mini\debug\brdf.obj
e:\learnings\renderings\raytracer\raytracer_mini\debug\lambertian.obj
e:\learnings\renderings\raytracer\raytracer_mini\debug\camera.obj
e:\learnings\renderings\raytracer\raytracer_mini\debug\pinhole.obj
e:\learnings\renderings\raytracer\raytracer_mini\debug\geometricobject.obj
e:\learnings\renderings\raytracer\raytracer_mini\debug\raytracer_mini.pdb
e:\learnings\renderings\raytracer\raytracer_mini\debug\raytracer_mini.tlog\cl.command.1.tlog
e:\learnings\renderings\raytracer\raytracer_mini\debug\raytracer_mini.tlog\cl.read.1.tlog
e:\learnings\renderings\raytracer\raytracer_mini\debug\raytracer_mini.tlog\cl.write.1.tlog
e:\learnings\renderings\raytracer\raytracer_mini\debug\raytracer_mini.tlog\link-cvtres.read.1.tlog
e:\learnings\renderings\raytracer\raytracer_mini\debug\raytracer_mini.tlog\link-cvtres.write.1.tlog
e:\learnings\renderings\raytracer\raytracer_mini\debug\raytracer_mini.tlog\link-rc.read.1.tlog
e:\learnings\renderings\raytracer\raytracer_mini\debug\raytracer_mini.tlog\link-rc.write.1.tlog
e:\learnings\renderings\raytracer\raytracer_mini\debug\raytracer_mini.tlog\link.command.1.tlog
e:\learnings\renderings\raytracer\raytracer_mini\debug\raytracer_mini.tlog\link.read.1.tlog
e:\learnings\renderings\raytracer\raytracer_mini\debug\raytracer_mini.tlog\link.write.1.tlog
